<?xml version="1.0" encoding="UTF-8"?>
<testng-results skipped="0" failed="0" ignored="0" total="1" passed="1">
  <reporter-output>
  </reporter-output>
  <suite name="Default suite" duration-ms="30987" started-at="2019-12-06T12:22:56 CST" finished-at="2019-12-06T12:23:27 CST">
    <groups>
    </groups>
    <test name="Default test" duration-ms="30987" started-at="2019-12-06T12:22:56 CST" finished-at="2019-12-06T12:23:27 CST">
      <class name="com.training.sanity.tests.UniformComplexTests">
        <test-method status="PASS" signature="setUpBeforeClass()[pri:0, instance:com.training.sanity.tests.UniformComplexTests@3d99d22e]" name="setUpBeforeClass" is-config="true" duration-ms="20" started-at="2019-12-06T12:22:56 CST" finished-at="2019-12-06T12:22:56 CST">
          <reporter-output>
          </reporter-output>
        </test-method> <!-- setUpBeforeClass -->
        <test-method status="PASS" signature="setUp()[pri:0, instance:com.training.sanity.tests.UniformComplexTests@3d99d22e]" name="setUp" is-config="true" duration-ms="11164" started-at="2019-12-06T12:22:56 CST" finished-at="2019-12-06T12:23:07 CST">
          <reporter-output>
          </reporter-output>
        </test-method> <!-- setUp -->
        <test-method status="PASS" signature="uniformUNF_074()[pri:2, instance:com.training.sanity.tests.UniformComplexTests@3d99d22e]" name="uniformUNF_074" duration-ms="17732" started-at="2019-12-06T12:23:07 CST" finished-at="2019-12-06T12:23:25 CST">
          <reporter-output>
          </reporter-output>
        </test-method> <!-- uniformUNF_074 -->
        <test-method status="PASS" signature="tearDown()[pri:0, instance:com.training.sanity.tests.UniformComplexTests@3d99d22e]" name="tearDown" is-config="true" duration-ms="1981" started-at="2019-12-06T12:23:25 CST" finished-at="2019-12-06T12:23:27 CST">
          <reporter-output>
          </reporter-output>
        </test-method> <!-- tearDown -->
      </class> <!-- com.training.sanity.tests.UniformComplexTests -->
    </test> <!-- Default test -->
  </suite> <!-- Default suite -->
</testng-results>
