<?xml version="1.0" encoding="UTF-8"?>
<testng-results skipped="0" failed="0" ignored="0" total="3" passed="3">
  <reporter-output>
  </reporter-output>
  <suite name="Uniform test Suite" duration-ms="69110" started-at="2019-11-23T23:34:47 CST" finished-at="2019-11-23T23:35:56 CST">
    <groups>
    </groups>
    <test name="Uniform test" duration-ms="69110" started-at="2019-11-23T23:34:47 CST" finished-at="2019-11-23T23:35:56 CST">
      <class name="com.training.sanity.tests.UniformTests">
        <test-method status="PASS" signature="setUpBeforeClass()[pri:0, instance:com.training.sanity.tests.UniformTests@3d99d22e]" name="setUpBeforeClass" is-config="true" duration-ms="20" started-at="2019-11-23T23:34:47 CST" finished-at="2019-11-23T23:34:47 CST">
          <reporter-output>
          </reporter-output>
        </test-method> <!-- setUpBeforeClass -->
        <test-method status="PASS" signature="setUp()[pri:0, instance:com.training.sanity.tests.UniformTests@3d99d22e]" name="setUp" is-config="true" duration-ms="12098" started-at="2019-11-23T23:34:47 CST" finished-at="2019-11-23T23:34:59 CST">
          <reporter-output>
          </reporter-output>
        </test-method> <!-- setUp -->
        <test-method status="PASS" signature="uniformLoginTest()[pri:0, instance:com.training.sanity.tests.UniformTests@3d99d22e]" name="uniformLoginTest" is-config="true" duration-ms="4629" started-at="2019-11-23T23:34:59 CST" finished-at="2019-11-23T23:35:03 CST">
          <reporter-output>
          </reporter-output>
        </test-method> <!-- uniformLoginTest -->
        <test-method status="PASS" signature="uniformOrderHistoryTest()[pri:1, instance:com.training.sanity.tests.UniformTests@3d99d22e]" name="uniformOrderHistoryTest" duration-ms="7674" started-at="2019-11-23T23:35:03 CST" finished-at="2019-11-23T23:35:11 CST">
          <reporter-output>
          </reporter-output>
        </test-method> <!-- uniformOrderHistoryTest -->
        <test-method status="PASS" signature="tearDown()[pri:0, instance:com.training.sanity.tests.UniformTests@3d99d22e]" name="tearDown" is-config="true" duration-ms="1844" started-at="2019-11-23T23:35:11 CST" finished-at="2019-11-23T23:35:13 CST">
          <reporter-output>
          </reporter-output>
        </test-method> <!-- tearDown -->
        <test-method status="PASS" signature="setUp()[pri:0, instance:com.training.sanity.tests.UniformTests@3d99d22e]" name="setUp" is-config="true" duration-ms="10526" started-at="2019-11-23T23:35:13 CST" finished-at="2019-11-23T23:35:23 CST">
          <reporter-output>
          </reporter-output>
        </test-method> <!-- setUp -->
        <test-method status="PASS" signature="uniformLoginTest()[pri:0, instance:com.training.sanity.tests.UniformTests@3d99d22e]" name="uniformLoginTest" is-config="true" duration-ms="4609" started-at="2019-11-23T23:35:23 CST" finished-at="2019-11-23T23:35:28 CST">
          <reporter-output>
          </reporter-output>
        </test-method> <!-- uniformLoginTest -->
        <test-method status="PASS" signature="uniformEditAccountTest()[pri:2, instance:com.training.sanity.tests.UniformTests@3d99d22e]" name="uniformEditAccountTest" duration-ms="7320" started-at="2019-11-23T23:35:28 CST" finished-at="2019-11-23T23:35:35 CST">
          <reporter-output>
          </reporter-output>
        </test-method> <!-- uniformEditAccountTest -->
        <test-method status="PASS" signature="tearDown()[pri:0, instance:com.training.sanity.tests.UniformTests@3d99d22e]" name="tearDown" is-config="true" duration-ms="1941" started-at="2019-11-23T23:35:35 CST" finished-at="2019-11-23T23:35:37 CST">
          <reporter-output>
          </reporter-output>
        </test-method> <!-- tearDown -->
        <test-method status="PASS" signature="setUp()[pri:0, instance:com.training.sanity.tests.UniformTests@3d99d22e]" name="setUp" is-config="true" duration-ms="10417" started-at="2019-11-23T23:35:37 CST" finished-at="2019-11-23T23:35:48 CST">
          <reporter-output>
          </reporter-output>
        </test-method> <!-- setUp -->
        <test-method status="PASS" signature="uniformLoginTest()[pri:0, instance:com.training.sanity.tests.UniformTests@3d99d22e]" name="uniformLoginTest" is-config="true" duration-ms="4591" started-at="2019-11-23T23:35:48 CST" finished-at="2019-11-23T23:35:52 CST">
          <reporter-output>
          </reporter-output>
        </test-method> <!-- uniformLoginTest -->
        <test-method status="PASS" signature="uniformChangePasswordTest()[pri:3, instance:com.training.sanity.tests.UniformTests@3d99d22e]" name="uniformChangePasswordTest" duration-ms="1493" started-at="2019-11-23T23:35:52 CST" finished-at="2019-11-23T23:35:54 CST">
          <reporter-output>
          </reporter-output>
        </test-method> <!-- uniformChangePasswordTest -->
        <test-method status="PASS" signature="tearDown()[pri:0, instance:com.training.sanity.tests.UniformTests@3d99d22e]" name="tearDown" is-config="true" duration-ms="1891" started-at="2019-11-23T23:35:54 CST" finished-at="2019-11-23T23:35:56 CST">
          <reporter-output>
          </reporter-output>
        </test-method> <!-- tearDown -->
      </class> <!-- com.training.sanity.tests.UniformTests -->
    </test> <!-- Uniform test -->
  </suite> <!-- Uniform test Suite -->
</testng-results>
