<?xml version="1.0" encoding="UTF-8"?>
<!-- Generated by org.testng.reporters.JUnitXMLReporter -->
<testsuite hostname="DESKTOP-1A4PQTT" ignored="0" name="Default test" tests="3" failures="0" timestamp="2019-11-23T23:20:27 CST" time="72.297" errors="0">
  <testcase name="uniformOrderHistoryTest" time="7.957" classname="com.training.sanity.tests.UniformTests"/>
  <testcase name="uniformEditAccountTest" time="7.476" classname="com.training.sanity.tests.UniformTests"/>
  <testcase name="uniformChangePasswordTest" time="1.697" classname="com.training.sanity.tests.UniformTests"/>
</testsuite> <!-- Default test -->
